<?xml version="1.0" encoding="UTF-8"?>
<testsuite name="org.antlr.test.TestAutoAST" time="15.111" tests="55" errors="0" skipped="0" failures="0">
  <properties>
    <property name="java.runtime.name" value="Java(TM) SE Runtime Environment"/>
    <property name="sun.boot.library.path" value="C:\Program Files\Java\jdk1.8.0_131\jre\bin"/>
    <property name="java.vm.version" value="25.131-b11"/>
    <property name="java.vm.vendor" value="Oracle Corporation"/>
    <property name="maven.multiModuleProjectDirectory" value="C:\Users\Roel\Documents\Projects\antlr3-haxe\antlr3"/>
    <property name="java.vendor.url" value="http://java.oracle.com/"/>
    <property name="path.separator" value=";"/>
    <property name="guice.disable.misplaced.annotation.check" value="true"/>
    <property name="java.vm.name" value="Java HotSpot(TM) 64-Bit Server VM"/>
    <property name="file.encoding.pkg" value="sun.io"/>
    <property name="user.script" value=""/>
    <property name="user.country" value="GB"/>
    <property name="sun.java.launcher" value="SUN_STANDARD"/>
    <property name="sun.os.patch.level" value=""/>
    <property name="java.vm.specification.name" value="Java Virtual Machine Specification"/>
    <property name="user.dir" value="C:\Users\Roel\Documents\Projects\antlr3-haxe\antlr3"/>
    <property name="java.runtime.version" value="1.8.0_131-b11"/>
    <property name="java.awt.graphicsenv" value="sun.awt.Win32GraphicsEnvironment"/>
    <property name="java.endorsed.dirs" value="C:\Program Files\Java\jdk1.8.0_131\jre\lib\endorsed"/>
    <property name="os.arch" value="amd64"/>
    <property name="java.io.tmpdir" value="C:\Users\Roel\AppData\Local\Temp\"/>
    <property name="line.separator" value="&#10;"/>
    <property name="java.vm.specification.vendor" value="Oracle Corporation"/>
    <property name="user.variant" value=""/>
    <property name="os.name" value="Windows 10"/>
    <property name="classworlds.conf" value="C:\Users\Roel\Downloads\apache-maven-3.5.0\bin\..\bin\m2.conf"/>
    <property name="sun.jnu.encoding" value="Cp1252"/>
    <property name="java.library.path" value="C:\Program Files\Java\jdk1.8.0_131\bin;C:\Windows\Sun\Java\bin;C:\Windows\system32;C:\Windows;C:\cmder\bin;C:\cmder\vendor\git-for-windows\cmd;C:\cmder\vendor\conemu-maximus5\ConEmu\Scripts;C:\cmder\vendor\conemu-maximus5;C:\cmder\vendor\conemu-maximus5\ConEmu;C:\Program Files\NVIDIA GPU Computing Toolkit\CUDA\v8.0\bin;C:\Program Files\NVIDIA GPU Computing Toolkit\CUDA\v8.0\libnvvp;C:\ProgramData\Oracle\Java\javapath;C:\Windows\system32;C:\Windows;C:\Windows\System32\Wbem;C:\Windows\System32\WindowsPowerShell\v1.0\;C:\HaxeToolkit\haxe\;C:\HaxeToolkit\neko;C:\Program Files\nodejs\;C:\Program Files (x86)\NVIDIA Corporation\PhysX\Common;C:\Users\Roel\Downloads\cudnn-8.0-windows10-x64-v5.1\cuda\bin;C:\Users\Roel\Downloads\apache-maven-3.5.0\bin;C:\Users\Roel\AppData\Local\Microsoft\WindowsApps;;C:\Program Files (x86)\Microsoft VS Code\bin;C:\Users\Roel\AppData\Roaming\npm;C:\cmder\vendor\git-for-windows\usr\bin;C:\cmder\vendor\git-for-windows\usr\share\vim\vim74;C:\cmder\;."/>
    <property name="maven.conf" value="C:\Users\Roel\Downloads\apache-maven-3.5.0\bin\../conf"/>
    <property name="java.specification.name" value="Java Platform API Specification"/>
    <property name="java.class.version" value="52.0"/>
    <property name="sun.management.compiler" value="HotSpot 64-Bit Tiered Compilers"/>
    <property name="os.version" value="10.0"/>
    <property name="library.jansi.path" value="C:\Users\Roel\Downloads\apache-maven-3.5.0\bin\..\lib\jansi-native\windows64"/>
    <property name="user.home" value="C:\Users\Roel"/>
    <property name="user.timezone" value="Europe/Berlin"/>
    <property name="java.awt.printerjob" value="sun.awt.windows.WPrinterJob"/>
    <property name="java.specification.version" value="1.8"/>
    <property name="file.encoding" value="Cp1252"/>
    <property name="user.name" value="Roel"/>
    <property name="java.class.path" value="C:\Users\Roel\Downloads\apache-maven-3.5.0\bin\..\boot\plexus-classworlds-2.5.2.jar"/>
    <property name="java.vm.specification.version" value="1.8"/>
    <property name="sun.arch.data.model" value="64"/>
    <property name="java.home" value="C:\Program Files\Java\jdk1.8.0_131\jre"/>
    <property name="sun.java.command" value="org.codehaus.plexus.classworlds.launcher.Launcher install"/>
    <property name="java.specification.vendor" value="Oracle Corporation"/>
    <property name="user.language" value="en"/>
    <property name="awt.toolkit" value="sun.awt.windows.WToolkit"/>
    <property name="java.vm.info" value="mixed mode"/>
    <property name="java.version" value="1.8.0_131"/>
    <property name="java.ext.dirs" value="C:\Program Files\Java\jdk1.8.0_131\jre\lib\ext;C:\Windows\Sun\Java\lib\ext"/>
    <property name="sun.boot.class.path" value="C:\Program Files\Java\jdk1.8.0_131\jre\lib\resources.jar;C:\Program Files\Java\jdk1.8.0_131\jre\lib\rt.jar;C:\Program Files\Java\jdk1.8.0_131\jre\lib\sunrsasign.jar;C:\Program Files\Java\jdk1.8.0_131\jre\lib\jsse.jar;C:\Program Files\Java\jdk1.8.0_131\jre\lib\jce.jar;C:\Program Files\Java\jdk1.8.0_131\jre\lib\charsets.jar;C:\Program Files\Java\jdk1.8.0_131\jre\lib\jfr.jar;C:\Program Files\Java\jdk1.8.0_131\jre\classes"/>
    <property name="sun.stderr.encoding" value="cp437"/>
    <property name="java.vendor" value="Oracle Corporation"/>
    <property name="maven.home" value="C:\Users\Roel\Downloads\apache-maven-3.5.0\bin\.."/>
    <property name="file.separator" value="\"/>
    <property name="java.vendor.url.bug" value="http://bugreport.sun.com/bugreport/"/>
    <property name="sun.cpu.endian" value="little"/>
    <property name="sun.io.unicode.encoding" value="UnicodeLittle"/>
    <property name="sun.stdout.encoding" value="cp437"/>
    <property name="sun.desktop" value="windows"/>
    <property name="sun.cpu.isalist" value="amd64"/>
  </properties>
  <testcase name="testSet" classname="org.antlr.test.TestAutoAST" time="0.354"/>
  <testcase name="testTokenListInSingleAltBlock" classname="org.antlr.test.TestAutoAST" time="0.344"/>
  <testcase name="testSimpleRootAtOuterLevel" classname="org.antlr.test.TestAutoAST" time="0.325"/>
  <testcase name="testOptionalThenRoot" classname="org.antlr.test.TestAutoAST" time="0.462"/>
  <testcase name="testTokenListLabelReuse" classname="org.antlr.test.TestAutoAST" time="0.316"/>
  <testcase name="testTokenLabelReuse" classname="org.antlr.test.TestAutoAST" time="0.306"/>
  <testcase name="testSetRootWithLabel" classname="org.antlr.test.TestAutoAST" time="0.309"/>
  <testcase name="testRuleInvocationRuleRootInLoop" classname="org.antlr.test.TestAutoAST" time="0.29"/>
  <testcase name="testNotSetWithLabel" classname="org.antlr.test.TestAutoAST" time="0.268"/>
  <testcase name="testNotSetWithListLabel" classname="org.antlr.test.TestAutoAST" time="0.263"/>
  <testcase name="testTokenLabelReuse2" classname="org.antlr.test.TestAutoAST" time="0.274"/>
  <testcase name="testTokenListLabelBang" classname="org.antlr.test.TestAutoAST" time="0.38"/>
  <testcase name="testComplicatedMelange" classname="org.antlr.test.TestAutoAST" time="0.262"/>
  <testcase name="testSetAsRuleRootInLoop" classname="org.antlr.test.TestAutoAST" time="0.26"/>
  <testcase name="testWildcardRootWithListLabel" classname="org.antlr.test.TestAutoAST" time="0.283"/>
  <testcase name="testRuleListLabelRuleRoot" classname="org.antlr.test.TestAutoAST" time="0.257"/>
  <testcase name="testWildcardRootWithLabel" classname="org.antlr.test.TestAutoAST" time="0.261"/>
  <testcase name="testRuleListLabelBang" classname="org.antlr.test.TestAutoAST" time="0.252"/>
  <testcase name="testTokenListLabelReuse2" classname="org.antlr.test.TestAutoAST" time="0.273"/>
  <testcase name="testMissingIDInSimpleDecl" classname="org.antlr.test.TestAutoAST" time="0.274"/>
  <testcase name="testNestedSubrule" classname="org.antlr.test.TestAutoAST" time="0.276"/>
  <testcase name="testInvokeRuleAsRootWithLabel" classname="org.antlr.test.TestAutoAST" time="0.297"/>
  <testcase name="testRootThenRootInLoop" classname="org.antlr.test.TestAutoAST" time="0.249"/>
  <testcase name="testRuleRootInLoop" classname="org.antlr.test.TestAutoAST" time="0.32"/>
  <testcase name="testTailRecursion" classname="org.antlr.test.TestAutoAST" time="0.323"/>
  <testcase name="testWildcardBangWithListLabel" classname="org.antlr.test.TestAutoAST" time="0.265"/>
  <testcase name="testNotSetRootWithListLabel" classname="org.antlr.test.TestAutoAST" time="0.229"/>
  <testcase name="testTokenListLabelRuleRoot" classname="org.antlr.test.TestAutoAST" time="0.267"/>
  <testcase name="testMissingSetInSimpleDecl" classname="org.antlr.test.TestAutoAST" time="0.304"/>
  <testcase name="testMissingTokenGivesErrorNode" classname="org.antlr.test.TestAutoAST" time="0.271"/>
  <testcase name="testExtraTokenGivesErrorNode" classname="org.antlr.test.TestAutoAST" time="0.295"/>
  <testcase name="testLabeledStringRoot" classname="org.antlr.test.TestAutoAST" time="0.242"/>
  <testcase name="testReturnValueWithAST" classname="org.antlr.test.TestAutoAST" time="0.257"/>
  <testcase name="testExtraTokenInSimpleDecl" classname="org.antlr.test.TestAutoAST" time="0.254"/>
  <testcase name="testNoViableAltGivesErrorNode" classname="org.antlr.test.TestAutoAST" time="0.273"/>
  <testcase name="testNotSetRuleRootInLoop" classname="org.antlr.test.TestAutoAST" time="0.264"/>
  <testcase name="testNotSetRootWithLabel" classname="org.antlr.test.TestAutoAST" time="0.264"/>
  <testcase name="testRuleListLabel" classname="org.antlr.test.TestAutoAST" time="0.302"/>
  <testcase name="testInvokeRuleAsRoot" classname="org.antlr.test.TestAutoAST" time="0.248"/>
  <testcase name="testTokenList" classname="org.antlr.test.TestAutoAST" time="0.29"/>
  <testcase name="testSetLoop" classname="org.antlr.test.TestAutoAST" time="0.275"/>
  <testcase name="testInvokeRule" classname="org.antlr.test.TestAutoAST" time="0.261"/>
  <testcase name="testRootRoot2" classname="org.antlr.test.TestAutoAST" time="0.229"/>
  <testcase name="testSetRoot" classname="org.antlr.test.TestAutoAST" time="0.233"/>
  <testcase name="testNotSet" classname="org.antlr.test.TestAutoAST" time="0.23"/>
  <testcase name="testWildcardRoot" classname="org.antlr.test.TestAutoAST" time="0.27"/>
  <testcase name="testNotSetRoot" classname="org.antlr.test.TestAutoAST" time="0.272"/>
  <testcase name="testBang" classname="org.antlr.test.TestAutoAST" time="0.226"/>
  <testcase name="testWildcard" classname="org.antlr.test.TestAutoAST" time="0.224"/>
  <testcase name="testRootRoot" classname="org.antlr.test.TestAutoAST" time="0.231"/>
  <testcase name="testInvokeRuleAsRootWithListLabel" classname="org.antlr.test.TestAutoAST" time="0.251"/>
  <testcase name="testMissingTokenGivesErrorNodeInInvokedRule" classname="org.antlr.test.TestAutoAST" time="0.228"/>
  <testcase name="testMissingFirstTokenGivesErrorNode" classname="org.antlr.test.TestAutoAST" time="0.232"/>
  <testcase name="testSimpleRootAtOuterLevelReverse" classname="org.antlr.test.TestAutoAST" time="0.225"/>
  <testcase name="testMissingFirstTokenGivesErrorNode2" classname="org.antlr.test.TestAutoAST" time="0.221"/>
</testsuite>