<?xml version="1.0" encoding="UTF-8"?>
<testsuite name="org.antlr.test.TestAttributes" time="3.618" tests="119" errors="0" skipped="0" failures="0">
  <properties>
    <property name="java.runtime.name" value="Java(TM) SE Runtime Environment"/>
    <property name="sun.boot.library.path" value="C:\Program Files\Java\jdk1.8.0_131\jre\bin"/>
    <property name="java.vm.version" value="25.131-b11"/>
    <property name="java.vm.vendor" value="Oracle Corporation"/>
    <property name="maven.multiModuleProjectDirectory" value="C:\Users\Roel\Documents\Projects\antlr3-haxe\antlr3"/>
    <property name="java.vendor.url" value="http://java.oracle.com/"/>
    <property name="path.separator" value=";"/>
    <property name="guice.disable.misplaced.annotation.check" value="true"/>
    <property name="java.vm.name" value="Java HotSpot(TM) 64-Bit Server VM"/>
    <property name="file.encoding.pkg" value="sun.io"/>
    <property name="user.script" value=""/>
    <property name="user.country" value="GB"/>
    <property name="sun.java.launcher" value="SUN_STANDARD"/>
    <property name="sun.os.patch.level" value=""/>
    <property name="java.vm.specification.name" value="Java Virtual Machine Specification"/>
    <property name="user.dir" value="C:\Users\Roel\Documents\Projects\antlr3-haxe\antlr3"/>
    <property name="java.runtime.version" value="1.8.0_131-b11"/>
    <property name="java.awt.graphicsenv" value="sun.awt.Win32GraphicsEnvironment"/>
    <property name="java.endorsed.dirs" value="C:\Program Files\Java\jdk1.8.0_131\jre\lib\endorsed"/>
    <property name="os.arch" value="amd64"/>
    <property name="java.io.tmpdir" value="C:\Users\Roel\AppData\Local\Temp\"/>
    <property name="line.separator" value="&#10;"/>
    <property name="java.vm.specification.vendor" value="Oracle Corporation"/>
    <property name="user.variant" value=""/>
    <property name="os.name" value="Windows 10"/>
    <property name="classworlds.conf" value="C:\Users\Roel\Downloads\apache-maven-3.5.0\bin\..\bin\m2.conf"/>
    <property name="sun.jnu.encoding" value="Cp1252"/>
    <property name="java.library.path" value="C:\Program Files\Java\jdk1.8.0_131\bin;C:\Windows\Sun\Java\bin;C:\Windows\system32;C:\Windows;C:\cmder\bin;C:\cmder\vendor\git-for-windows\cmd;C:\cmder\vendor\conemu-maximus5\ConEmu\Scripts;C:\cmder\vendor\conemu-maximus5;C:\cmder\vendor\conemu-maximus5\ConEmu;C:\Program Files\NVIDIA GPU Computing Toolkit\CUDA\v8.0\bin;C:\Program Files\NVIDIA GPU Computing Toolkit\CUDA\v8.0\libnvvp;C:\ProgramData\Oracle\Java\javapath;C:\Windows\system32;C:\Windows;C:\Windows\System32\Wbem;C:\Windows\System32\WindowsPowerShell\v1.0\;C:\HaxeToolkit\haxe\;C:\HaxeToolkit\neko;C:\Program Files\nodejs\;C:\Program Files (x86)\NVIDIA Corporation\PhysX\Common;C:\Users\Roel\Downloads\cudnn-8.0-windows10-x64-v5.1\cuda\bin;C:\Users\Roel\Downloads\apache-maven-3.5.0\bin;C:\Users\Roel\AppData\Local\Microsoft\WindowsApps;;C:\Program Files (x86)\Microsoft VS Code\bin;C:\Users\Roel\AppData\Roaming\npm;C:\cmder\vendor\git-for-windows\usr\bin;C:\cmder\vendor\git-for-windows\usr\share\vim\vim74;C:\cmder\;."/>
    <property name="maven.conf" value="C:\Users\Roel\Downloads\apache-maven-3.5.0\bin\../conf"/>
    <property name="java.specification.name" value="Java Platform API Specification"/>
    <property name="java.class.version" value="52.0"/>
    <property name="sun.management.compiler" value="HotSpot 64-Bit Tiered Compilers"/>
    <property name="os.version" value="10.0"/>
    <property name="library.jansi.path" value="C:\Users\Roel\Downloads\apache-maven-3.5.0\bin\..\lib\jansi-native\windows64"/>
    <property name="user.home" value="C:\Users\Roel"/>
    <property name="user.timezone" value="Europe/Berlin"/>
    <property name="java.awt.printerjob" value="sun.awt.windows.WPrinterJob"/>
    <property name="java.specification.version" value="1.8"/>
    <property name="file.encoding" value="Cp1252"/>
    <property name="user.name" value="Roel"/>
    <property name="java.class.path" value="C:\Users\Roel\Downloads\apache-maven-3.5.0\bin\..\boot\plexus-classworlds-2.5.2.jar"/>
    <property name="java.vm.specification.version" value="1.8"/>
    <property name="sun.arch.data.model" value="64"/>
    <property name="java.home" value="C:\Program Files\Java\jdk1.8.0_131\jre"/>
    <property name="sun.java.command" value="org.codehaus.plexus.classworlds.launcher.Launcher install"/>
    <property name="java.specification.vendor" value="Oracle Corporation"/>
    <property name="user.language" value="en"/>
    <property name="awt.toolkit" value="sun.awt.windows.WToolkit"/>
    <property name="java.vm.info" value="mixed mode"/>
    <property name="java.version" value="1.8.0_131"/>
    <property name="java.ext.dirs" value="C:\Program Files\Java\jdk1.8.0_131\jre\lib\ext;C:\Windows\Sun\Java\lib\ext"/>
    <property name="sun.boot.class.path" value="C:\Program Files\Java\jdk1.8.0_131\jre\lib\resources.jar;C:\Program Files\Java\jdk1.8.0_131\jre\lib\rt.jar;C:\Program Files\Java\jdk1.8.0_131\jre\lib\sunrsasign.jar;C:\Program Files\Java\jdk1.8.0_131\jre\lib\jsse.jar;C:\Program Files\Java\jdk1.8.0_131\jre\lib\jce.jar;C:\Program Files\Java\jdk1.8.0_131\jre\lib\charsets.jar;C:\Program Files\Java\jdk1.8.0_131\jre\lib\jfr.jar;C:\Program Files\Java\jdk1.8.0_131\jre\classes"/>
    <property name="sun.stderr.encoding" value="cp437"/>
    <property name="java.vendor" value="Oracle Corporation"/>
    <property name="maven.home" value="C:\Users\Roel\Downloads\apache-maven-3.5.0\bin\.."/>
    <property name="file.separator" value="\"/>
    <property name="java.vendor.url.bug" value="http://bugreport.sun.com/bugreport/"/>
    <property name="sun.cpu.endian" value="little"/>
    <property name="sun.io.unicode.encoding" value="UnicodeLittle"/>
    <property name="sun.stdout.encoding" value="cp437"/>
    <property name="sun.desktop" value="windows"/>
    <property name="sun.cpu.isalist" value="amd64"/>
  </properties>
  <testcase name="testReuseExistingListLabelWithImplicitTokenLabel" classname="org.antlr.test.TestAttributes" time="0.102"/>
  <testcase name="testUnknownGlobalDynamicAttribute" classname="org.antlr.test.TestAttributes" time="0.054"/>
  <testcase name="testUnqualifiedRuleScopeAttribute" classname="org.antlr.test.TestAttributes" time="0.003"/>
  <testcase name="testRuleAndTokenLabelTypeMismatch" classname="org.antlr.test.TestAttributes" time="0.002"/>
  <testcase name="testListAndTokenLabelTypeMismatch" classname="org.antlr.test.TestAttributes" time="0.002"/>
  <testcase name="testReuseExistingLabelWithImplicitRuleLabel" classname="org.antlr.test.TestAttributes" time="0.041"/>
  <testcase name="testReuseExistingListLabelWithImplicitRuleLabel" classname="org.antlr.test.TestAttributes" time="0.053"/>
  <testcase name="testReuseExistingLabelWithImplicitTokenLabel" classname="org.antlr.test.TestAttributes" time="0.029"/>
  <testcase name="testRefToTextAttributeForCurrentRule" classname="org.antlr.test.TestAttributes" time="0.037"/>
  <testcase name="testRefToTemplateAttributeForCurrentRule" classname="org.antlr.test.TestAttributes" time="0.056"/>
  <testcase name="testRefToStartAttributeForCurrentRule" classname="org.antlr.test.TestAttributes" time="0.03"/>
  <testcase name="testComplicatedArgParsingWithTranslation" classname="org.antlr.test.TestAttributes" time="0.031"/>
  <testcase name="testInvalidRuleLabelAccessesParameter" classname="org.antlr.test.TestAttributes" time="0.002"/>
  <testcase name="testRefToReturnValueBeforeRefToPredefinedAttr" classname="org.antlr.test.TestAttributes" time="0.023"/>
  <testcase name="testNonDynamicAttributeOutsideRule" classname="org.antlr.test.TestAttributes" time="0.003"/>
  <testcase name="testNonDynamicAttributeOutsideRule2" classname="org.antlr.test.TestAttributes" time="0.001"/>
  <testcase name="testUnqualifiedRuleScopeAccessInsideRule" classname="org.antlr.test.TestAttributes" time="0.023"/>
  <testcase name="testFullyQualifiedRefToCurrentRuleParameter" classname="org.antlr.test.TestAttributes" time="0.033"/>
  <testcase name="testDynamicScopeRefOkEvenThoughRuleRefExists" classname="org.antlr.test.TestAttributes" time="0.027"/>
  <testcase name="testSetFullyQualifiedRefToCurrentRuleRetVal" classname="org.antlr.test.TestAttributes" time="0.033"/>
  <testcase name="testInvalidRuleLabelAccessesScopeAttribute" classname="org.antlr.test.TestAttributes" time="0"/>
  <testcase name="testMissingUnlabeledRuleAttribute" classname="org.antlr.test.TestAttributes" time="0"/>
  <testcase name="testScopeAndAttributeWithUnderscore" classname="org.antlr.test.TestAttributes" time="0.026"/>
  <testcase name="testFullyQualifiedRefToCurrentRuleRetVal" classname="org.antlr.test.TestAttributes" time="0.022"/>
  <testcase name="testRuleLabelBeforeRefToPredefinedAttr" classname="org.antlr.test.TestAttributes" time="0.03"/>
  <testcase name="testGenericsAsArgumentDefinition2" classname="org.antlr.test.TestAttributes" time="0.029"/>
  <testcase name="testReturnValue" classname="org.antlr.test.TestAttributes" time="0.018"/>
  <testcase name="testTokenLabels" classname="org.antlr.test.TestAttributes" time="0.019"/>
  <testcase name="testArguments" classname="org.antlr.test.TestAttributes" time="0.019"/>
  <testcase name="testArgWithLT" classname="org.antlr.test.TestAttributes" time="0.021"/>
  <testcase name="testReturnValues" classname="org.antlr.test.TestAttributes" time="0.026"/>
  <testcase name="testRuleLabels" classname="org.antlr.test.TestAttributes" time="0.019"/>
  <testcase name="testMissingArgs" classname="org.antlr.test.TestAttributes" time="0.024"/>
  <testcase name="testArgsOnToken" classname="org.antlr.test.TestAttributes" time="0.011"/>
  <testcase name="testUnknownGlobalScope" classname="org.antlr.test.TestAttributes" time="0.011"/>
  <testcase name="testEscapedLessThanInAction" classname="org.antlr.test.TestAttributes" time="0.001"/>
  <testcase name="testReturnValueWithNumber" classname="org.antlr.test.TestAttributes" time="0.026"/>
  <testcase name="test0IndexedGlobalScope" classname="org.antlr.test.TestAttributes" time="0.025"/>
  <testcase name="testBasicRuleScope" classname="org.antlr.test.TestAttributes" time="0.024"/>
  <testcase name="testDynamicRuleScopeRefInSubrule" classname="org.antlr.test.TestAttributes" time="0.025"/>
  <testcase name="testListAndRuleLabelTypeMismatch" classname="org.antlr.test.TestAttributes" time="0.002"/>
  <testcase name="testPlusEqualSetLabel" classname="org.antlr.test.TestAttributes" time="0.029"/>
  <testcase name="testComplicatedSingleArgParsing" classname="org.antlr.test.TestAttributes" time="0.026"/>
  <testcase name="testIndexedGlobalScope" classname="org.antlr.test.TestAttributes" time="0.032"/>
  <testcase name="testImplicitRuleLabel" classname="org.antlr.test.TestAttributes" time="0.018"/>
  <testcase name="testRuleLabelWithoutOutputOption" classname="org.antlr.test.TestAttributes" time="0.013"/>
  <testcase name="testInvalidArguments" classname="org.antlr.test.TestAttributes" time="0.001"/>
  <testcase name="testIsolatedRefToRule" classname="org.antlr.test.TestAttributes" time="0.018"/>
  <testcase name="testCStyleReturnInitValue" classname="org.antlr.test.TestAttributes" time="0.001"/>
  <testcase name="testMultipleReturnInitValue" classname="org.antlr.test.TestAttributes" time="0.002"/>
  <testcase name="testRuleScopeOutsideRule" classname="org.antlr.test.TestAttributes" time="0.027"/>
  <testcase name="testReturnInitValue" classname="org.antlr.test.TestAttributes" time="0.001"/>
  <testcase name="testGenericsAsReturnValue" classname="org.antlr.test.TestAttributes" time="0.001"/>
  <testcase name="testForwardRefRuleLabels" classname="org.antlr.test.TestAttributes" time="0.028"/>
  <testcase name="testComplicatedArgParsing" classname="org.antlr.test.TestAttributes" time="0.017"/>
  <testcase name="testIsolatedDynamicRuleScopeRef" classname="org.antlr.test.TestAttributes" time="0.016"/>
  <testcase name="testRuleLabelFromMultipleAlts" classname="org.antlr.test.TestAttributes" time="0.019"/>
  <testcase name="testArgReturnValueMismatch" classname="org.antlr.test.TestAttributes" time="0.001"/>
  <testcase name="testArgsWithInitValues" classname="org.antlr.test.TestAttributes" time="0.011"/>
  <testcase name="testRuleScopeFromAnotherRule" classname="org.antlr.test.TestAttributes" time="0.017"/>
  <testcase name="testInvalidRuleAttribute" classname="org.antlr.test.TestAttributes" time="0.002"/>
  <testcase name="testTokenLabelFromMultipleAlts" classname="org.antlr.test.TestAttributes" time="0.024"/>
  <testcase name="testSimplePlusEqualLabel" classname="org.antlr.test.TestAttributes" time="0.026"/>
  <testcase name="testArgsOnTokenInLexer" classname="org.antlr.test.TestAttributes" time="0.021"/>
  <testcase name="testLabelOnRuleRefInLexer" classname="org.antlr.test.TestAttributes" time="0.025"/>
  <testcase name="testRefToRuleRefInLexer" classname="org.antlr.test.TestAttributes" time="0.02"/>
  <testcase name="testCharLabelInLexer" classname="org.antlr.test.TestAttributes" time="0.017"/>
  <testcase name="testCharListLabelInLexer" classname="org.antlr.test.TestAttributes" time="0.017"/>
  <testcase name="testActionNotMovedToSynPred" classname="org.antlr.test.TestAttributes" time="0.027"/>
  <testcase name="testGlobalScopeOutsideRule" classname="org.antlr.test.TestAttributes" time="0.022"/>
  <testcase name="testAmbiguRuleRef" classname="org.antlr.test.TestAttributes" time="0.01"/>
  <testcase name="testSharedGlobalScope" classname="org.antlr.test.TestAttributes" time="0.017"/>
  <testcase name="testIsolatedGlobalScopeRef" classname="org.antlr.test.TestAttributes" time="0.023"/>
  <testcase name="testAbsoluteIndexedGlobalScope" classname="org.antlr.test.TestAttributes" time="0.029"/>
  <testcase name="testMissingRuleAttribute" classname="org.antlr.test.TestAttributes" time="0.002"/>
  <testcase name="testUnknownDynamicAttribute" classname="org.antlr.test.TestAttributes" time="0.016"/>
  <testcase name="testPlusEqualStringLabel" classname="org.antlr.test.TestAttributes" time="0.02"/>
  <testcase name="testImplicitTokenLabel" classname="org.antlr.test.TestAttributes" time="0.01"/>
  <testcase name="testPlusEqualWildcardLabel" classname="org.antlr.test.TestAttributes" time="0.029"/>
  <testcase name="testWildcardCharListLabelInLexer" classname="org.antlr.test.TestAttributes" time="0.01"/>
  <testcase name="testRuleLabelsWithSpecialToken" classname="org.antlr.test.TestAttributes" time="0.012"/>
  <testcase name="testMissingArgsInLexer" classname="org.antlr.test.TestAttributes" time="0.012"/>
  <testcase name="testWildcardCharLabelInLexer" classname="org.antlr.test.TestAttributes" time="0.023"/>
  <testcase name="testArgsWhenNoneDefined" classname="org.antlr.test.TestAttributes" time="0.015"/>
  <testcase name="testIsolatedRefToCurrentRule" classname="org.antlr.test.TestAttributes" time="0.013"/>
  <testcase name="testRuleRefWhenRuleHasScope" classname="org.antlr.test.TestAttributes" time="0.021"/>
  <testcase name="testStringArgParsing" classname="org.antlr.test.TestAttributes" time="0.018"/>
  <testcase name="testBracketArgParsing" classname="org.antlr.test.TestAttributes" time="0.017"/>
  <testcase name="testGenericsAsArgumentDefinition" classname="org.antlr.test.TestAttributes" time="0.024"/>
  <testcase name="testEscaped$InAction" classname="org.antlr.test.TestAttributes" time="0.021"/>
  <testcase name="testInvalidReturnValues" classname="org.antlr.test.TestAttributes" time="0.002"/>
  <testcase name="testReturnWithMultipleRuleRefs" classname="org.antlr.test.TestAttributes" time="0.029"/>
  <testcase name="testBasicGlobalScope" classname="org.antlr.test.TestAttributes" time="0.024"/>
  <testcase name="testTokenLabelTreeProperty" classname="org.antlr.test.TestAttributes" time="0.01"/>
  <testcase name="testAmbiguousTokenRef" classname="org.antlr.test.TestAttributes" time="0.013"/>
  <testcase name="testLexerLabelRefs" classname="org.antlr.test.TestAttributes" time="0.025"/>
  <testcase name="testLexerRulePropertyRefs" classname="org.antlr.test.TestAttributes" time="0.023"/>
  <testcase name="testSettingLexerRulePropertyRefs" classname="org.antlr.test.TestAttributes" time="0.023"/>
  <testcase name="testTokenRefTreeProperty" classname="org.antlr.test.TestAttributes" time="0.015"/>
  <testcase name="testRuleRefWithDynamicScope" classname="org.antlr.test.TestAttributes" time="0.023"/>
  <testcase name="testAmbiguousTokenRefWithProp" classname="org.antlr.test.TestAttributes" time="0.018"/>
  <testcase name="testAssignToOwnRulenameAttr" classname="org.antlr.test.TestAttributes" time="0.02"/>
  <testcase name="testTypeOfGuardedAttributeRefIsCorrect" classname="org.antlr.test.TestAttributes" time="0.022"/>
  <testcase name="testRuleLabelOnTwoDifferentRulesAST" classname="org.antlr.test.TestAttributes" time="0.895"/>
  <testcase name="testDoNotTranslateScopeAttributeCompare" classname="org.antlr.test.TestAttributes" time="0.021"/>
  <testcase name="testArgsOnTokenInLexerRuleOfCombined" classname="org.antlr.test.TestAttributes" time="0.015"/>
  <testcase name="testTreeRuleStopAttributeIsInvalid" classname="org.antlr.test.TestAttributes" time="0.015"/>
  <testcase name="testRefToTextAttributeForCurrentTreeRule" classname="org.antlr.test.TestAttributes" time="0.011"/>
  <testcase name="testRefToRuleRefInLexerNoAttribute" classname="org.antlr.test.TestAttributes" time="0.019"/>
  <testcase name="testIllegalAssignToOwnRulenameAttr" classname="org.antlr.test.TestAttributes" time="0.012"/>
  <testcase name="testRuleLabelOnTwoDifferentRulesTemplate" classname="org.antlr.test.TestAttributes" time="0.486"/>
  <testcase name="testDoNotTranslateAttributeCompare" classname="org.antlr.test.TestAttributes" time="0.021"/>
  <testcase name="testMissingArgsOnTokenInLexerRuleOfCombined" classname="org.antlr.test.TestAttributes" time="0.009"/>
  <testcase name="testFullyQualifiedRefToTemplateAttributeInCurrentRule" classname="org.antlr.test.TestAttributes" time="0.017"/>
  <testcase name="testAssignToOwnParamAttr" classname="org.antlr.test.TestAttributes" time="0.013"/>
  <testcase name="testIllegalAssignTokenRefAttr" classname="org.antlr.test.TestAttributes" time="0.008"/>
  <testcase name="testIllegalAssignToLocalAttr" classname="org.antlr.test.TestAttributes" time="0.011"/>
  <testcase name="testIllegalAssignRuleRefAttr" classname="org.antlr.test.TestAttributes" time="0.015"/>
  <testcase name="testAssignToTreeNodeAttribute" classname="org.antlr.test.TestAttributes" time="0.019"/>
</testsuite>