<?xml version="1.0" encoding="UTF-8"?>
<testsuite name="org.antlr.test.TestDFAConversion" time="0.114" tests="81" errors="0" skipped="0" failures="1">
  <properties>
    <property name="java.runtime.name" value="Java(TM) SE Runtime Environment"/>
    <property name="sun.boot.library.path" value="C:\Program Files\Java\jdk1.8.0_131\jre\bin"/>
    <property name="java.vm.version" value="25.131-b11"/>
    <property name="java.vm.vendor" value="Oracle Corporation"/>
    <property name="maven.multiModuleProjectDirectory" value="C:\Users\Roel\Documents\Projects\antlr3-haxe\antlr3"/>
    <property name="java.vendor.url" value="http://java.oracle.com/"/>
    <property name="path.separator" value=";"/>
    <property name="guice.disable.misplaced.annotation.check" value="true"/>
    <property name="java.vm.name" value="Java HotSpot(TM) 64-Bit Server VM"/>
    <property name="file.encoding.pkg" value="sun.io"/>
    <property name="user.script" value=""/>
    <property name="user.country" value="GB"/>
    <property name="sun.java.launcher" value="SUN_STANDARD"/>
    <property name="sun.os.patch.level" value=""/>
    <property name="java.vm.specification.name" value="Java Virtual Machine Specification"/>
    <property name="user.dir" value="C:\Users\Roel\Documents\Projects\antlr3-haxe\antlr3"/>
    <property name="java.runtime.version" value="1.8.0_131-b11"/>
    <property name="java.awt.graphicsenv" value="sun.awt.Win32GraphicsEnvironment"/>
    <property name="java.endorsed.dirs" value="C:\Program Files\Java\jdk1.8.0_131\jre\lib\endorsed"/>
    <property name="os.arch" value="amd64"/>
    <property name="java.io.tmpdir" value="C:\Users\Roel\AppData\Local\Temp\"/>
    <property name="line.separator" value="&#10;"/>
    <property name="java.vm.specification.vendor" value="Oracle Corporation"/>
    <property name="user.variant" value=""/>
    <property name="os.name" value="Windows 10"/>
    <property name="classworlds.conf" value="C:\Users\Roel\Downloads\apache-maven-3.5.0\bin\..\bin\m2.conf"/>
    <property name="sun.jnu.encoding" value="Cp1252"/>
    <property name="java.library.path" value="C:\Program Files\Java\jdk1.8.0_131\bin;C:\Windows\Sun\Java\bin;C:\Windows\system32;C:\Windows;C:\cmder\bin;C:\cmder\vendor\git-for-windows\cmd;C:\cmder\vendor\conemu-maximus5\ConEmu\Scripts;C:\cmder\vendor\conemu-maximus5;C:\cmder\vendor\conemu-maximus5\ConEmu;C:\Program Files\NVIDIA GPU Computing Toolkit\CUDA\v8.0\bin;C:\Program Files\NVIDIA GPU Computing Toolkit\CUDA\v8.0\libnvvp;C:\ProgramData\Oracle\Java\javapath;C:\Windows\system32;C:\Windows;C:\Windows\System32\Wbem;C:\Windows\System32\WindowsPowerShell\v1.0\;C:\HaxeToolkit\haxe\;C:\HaxeToolkit\neko;C:\Program Files\nodejs\;C:\Program Files (x86)\NVIDIA Corporation\PhysX\Common;C:\Users\Roel\Downloads\cudnn-8.0-windows10-x64-v5.1\cuda\bin;C:\Users\Roel\Downloads\apache-maven-3.5.0\bin;C:\Users\Roel\AppData\Local\Microsoft\WindowsApps;;C:\Program Files (x86)\Microsoft VS Code\bin;C:\Users\Roel\AppData\Roaming\npm;C:\cmder\vendor\git-for-windows\usr\bin;C:\cmder\vendor\git-for-windows\usr\share\vim\vim74;C:\cmder\;."/>
    <property name="maven.conf" value="C:\Users\Roel\Downloads\apache-maven-3.5.0\bin\../conf"/>
    <property name="java.specification.name" value="Java Platform API Specification"/>
    <property name="java.class.version" value="52.0"/>
    <property name="sun.management.compiler" value="HotSpot 64-Bit Tiered Compilers"/>
    <property name="os.version" value="10.0"/>
    <property name="library.jansi.path" value="C:\Users\Roel\Downloads\apache-maven-3.5.0\bin\..\lib\jansi-native\windows64"/>
    <property name="user.home" value="C:\Users\Roel"/>
    <property name="user.timezone" value="Europe/Berlin"/>
    <property name="java.awt.printerjob" value="sun.awt.windows.WPrinterJob"/>
    <property name="java.specification.version" value="1.8"/>
    <property name="file.encoding" value="Cp1252"/>
    <property name="user.name" value="Roel"/>
    <property name="java.class.path" value="C:\Users\Roel\Downloads\apache-maven-3.5.0\bin\..\boot\plexus-classworlds-2.5.2.jar"/>
    <property name="java.vm.specification.version" value="1.8"/>
    <property name="sun.arch.data.model" value="64"/>
    <property name="java.home" value="C:\Program Files\Java\jdk1.8.0_131\jre"/>
    <property name="sun.java.command" value="org.codehaus.plexus.classworlds.launcher.Launcher install"/>
    <property name="java.specification.vendor" value="Oracle Corporation"/>
    <property name="user.language" value="en"/>
    <property name="awt.toolkit" value="sun.awt.windows.WToolkit"/>
    <property name="java.vm.info" value="mixed mode"/>
    <property name="java.version" value="1.8.0_131"/>
    <property name="java.ext.dirs" value="C:\Program Files\Java\jdk1.8.0_131\jre\lib\ext;C:\Windows\Sun\Java\lib\ext"/>
    <property name="sun.boot.class.path" value="C:\Program Files\Java\jdk1.8.0_131\jre\lib\resources.jar;C:\Program Files\Java\jdk1.8.0_131\jre\lib\rt.jar;C:\Program Files\Java\jdk1.8.0_131\jre\lib\sunrsasign.jar;C:\Program Files\Java\jdk1.8.0_131\jre\lib\jsse.jar;C:\Program Files\Java\jdk1.8.0_131\jre\lib\jce.jar;C:\Program Files\Java\jdk1.8.0_131\jre\lib\charsets.jar;C:\Program Files\Java\jdk1.8.0_131\jre\lib\jfr.jar;C:\Program Files\Java\jdk1.8.0_131\jre\classes"/>
    <property name="sun.stderr.encoding" value="cp437"/>
    <property name="java.vendor" value="Oracle Corporation"/>
    <property name="maven.home" value="C:\Users\Roel\Downloads\apache-maven-3.5.0\bin\.."/>
    <property name="file.separator" value="\"/>
    <property name="java.vendor.url.bug" value="http://bugreport.sun.com/bugreport/"/>
    <property name="sun.cpu.endian" value="little"/>
    <property name="sun.io.unicode.encoding" value="UnicodeLittle"/>
    <property name="sun.stdout.encoding" value="cp437"/>
    <property name="sun.desktop" value="windows"/>
    <property name="sun.cpu.isalist" value="amd64"/>
  </properties>
  <testcase name="testA" classname="org.antlr.test.TestDFAConversion" time="0"/>
  <testcase name="testInvokeRule" classname="org.antlr.test.TestDFAConversion" time="0"/>
  <testcase name="testTailRecursionInvokedFromArbitraryLookaheadDecision" classname="org.antlr.test.TestDFAConversion" time="0"/>
  <testcase name="testAPlusNonGreedyWhenDeterministic" classname="org.antlr.test.TestDFAConversion" time="0"/>
  <testcase name="testMultipleAltsSameSequenceCollision" classname="org.antlr.test.TestDFAConversion" time="0"/>
  <testcase name="testAStar_immediateTailRecursion2" classname="org.antlr.test.TestDFAConversion" time="0"/>
  <testcase name="testAPlusNonGreedyWhenNonDeterministic" classname="org.antlr.test.TestDFAConversion" time="0"/>
  <testcase name="testCycleInsideRuleDoesNotForceInfiniteRecursion" classname="org.antlr.test.TestDFAConversion" time="0"/>
  <testcase name="testAutoBacktrackResolvesRecursionInLexer" classname="org.antlr.test.TestDFAConversion" time="0"/>
  <testcase name="testAutoBacktrackResolvesRecursion" classname="org.antlr.test.TestDFAConversion" time="0"/>
  <testcase name="testAutoBacktrackAndPredMissingInMiddle" classname="org.antlr.test.TestDFAConversion" time="0"/>
  <testcase name="testGreedyNonLLStarStillGetsError" classname="org.antlr.test.TestDFAConversion" time="0"/>
  <testcase name="testLeftRecursionInMultipleCycles" classname="org.antlr.test.TestDFAConversion" time="0"/>
  <testcase name="testAPlusGreedyWhenNonDeterministic" classname="org.antlr.test.TestDFAConversion" time="0"/>
  <testcase name="testFollowReturnsToLoopReenteringSameRule" classname="org.antlr.test.TestDFAConversion" time="0"/>
  <testcase name="testifThenElseChecksStackSuffixConflict" classname="org.antlr.test.TestDFAConversion" time="0.001"/>
  <testcase name="testWildcardPlusK1AndNonGreedyByDefaultInParser" classname="org.antlr.test.TestDFAConversion" time="0.001"/>
  <testcase name="testGreedyRecOverflowStillGetsError" classname="org.antlr.test.TestDFAConversion" time="0.001"/>
  <testcase name="testSynPredResolvesRecursionInLexer" classname="org.antlr.test.TestDFAConversion" time="0.001"/>
  <testcase name="testWildcardStarK1AndNonGreedyByDefaultInParser" classname="org.antlr.test.TestDFAConversion" time="0.002"/>
  <testcase name="testAorBorCStar" classname="org.antlr.test.TestDFAConversion" time="0.001"/>
  <testcase name="testAorBorCPlus" classname="org.antlr.test.TestDFAConversion" time="0.002"/>
  <testcase name="testAOptional" classname="org.antlr.test.TestDFAConversion" time="0.001"/>
  <testcase name="testGatedSynPred" classname="org.antlr.test.TestDFAConversion" time="0.002"/>
  <testcase name="testAB_or_AC" classname="org.antlr.test.TestDFAConversion" time="0.001"/>
  <testcase name="testifThenElse" classname="org.antlr.test.TestDFAConversion" time="0.001"/>
  <testcase name="testAPlus" classname="org.antlr.test.TestDFAConversion" time="0.001"/>
  <testcase name="testComplement" classname="org.antlr.test.TestDFAConversion" time="0.001"/>
  <testcase name="testAStar" classname="org.antlr.test.TestDFAConversion" time="0.002"/>
  <testcase name="testAB_or_AC_k2" classname="org.antlr.test.TestDFAConversion" time="0.001"/>
  <testcase name="testAB_or_AC_k1" classname="org.antlr.test.TestDFAConversion" time="0.002"/>
  <testcase name="testNoStartRule" classname="org.antlr.test.TestDFAConversion" time="0.01"/>
  <testcase name="testTokensRuleAltsDoNotCollapse" classname="org.antlr.test.TestDFAConversion" time="0.001"/>
  <testcase name="testMultipleSequenceCollision" classname="org.antlr.test.TestDFAConversion" time="0.006">
    <failure message="expected:&lt;[A]&gt; but was:&lt;[B]&gt;" type="org.junit.ComparisonFailure"><![CDATA[org.junit.ComparisonFailure: expected:<[A]> but was:<[B]>
	at org.junit.Assert.assertEquals(Assert.java:125)
	at org.junit.Assert.assertEquals(Assert.java:147)
	at org.antlr.test.TestDFAConversion.checkDecision(TestDFAConversion.java:1673)
	at org.antlr.test.TestDFAConversion.testMultipleSequenceCollision(TestDFAConversion.java:1208)
]]></failure>
  </testcase>
  <testcase name="testWildcardInTreeGrammar2" classname="org.antlr.test.TestDFAConversion" time="0.011"/>
  <testcase name="testAStarBOrAStarC" classname="org.antlr.test.TestDFAConversion" time="0"/>
  <testcase name="testResolveLL2MixAlt" classname="org.antlr.test.TestDFAConversion" time="0"/>
  <testcase name="testWildcardInTreeGrammar" classname="org.antlr.test.TestDFAConversion" time="0"/>
  <testcase name="testOptionalAltAndBypass" classname="org.antlr.test.TestDFAConversion" time="0"/>
  <testcase name="testTokenCallsAnotherOnLeftEdge" classname="org.antlr.test.TestDFAConversion" time="0"/>
  <testcase name="testIndirectLeftRecursion" classname="org.antlr.test.TestDFAConversion" time="0.001"/>
  <testcase name="testIndirectIFThenElseStyleAmbig" classname="org.antlr.test.TestDFAConversion" time="0.001"/>
  <testcase name="testComplementChar" classname="org.antlr.test.TestDFAConversion" time="0.003"/>
  <testcase name="testCyclicTableCreation" classname="org.antlr.test.TestDFAConversion" time="0"/>
  <testcase name="testIndirectRecursionAmbigAlts" classname="org.antlr.test.TestDFAConversion" time="0.001"/>
  <testcase name="testAOrBPlusOrAPlus" classname="org.antlr.test.TestDFAConversion" time="0.004"/>
  <testcase name="testSelfRecursionAmbigAlts" classname="org.antlr.test.TestDFAConversion" time="0"/>
  <testcase name="testComplementToken" classname="org.antlr.test.TestDFAConversion" time="0.001"/>
  <testcase name="testResolveLL1ByChoosingFirst" classname="org.antlr.test.TestDFAConversion" time="0.001"/>
  <testcase name="testLoopbackAndExit" classname="org.antlr.test.TestDFAConversion" time="0.001"/>
  <testcase name="testAStarBOrAPlusC" classname="org.antlr.test.TestDFAConversion" time="0.002"/>
  <testcase name="testNoSetCollapseWithActions" classname="org.antlr.test.TestDFAConversion" time="0.001"/>
  <testcase name="testHoistedGatedSynPred" classname="org.antlr.test.TestDFAConversion" time="0.001"/>
  <testcase name="testResolveLL2ByChoosingFirst" classname="org.antlr.test.TestDFAConversion" time="0.002"/>
  <testcase name="testHoistedGatedSynPred2" classname="org.antlr.test.TestDFAConversion" time="0.002"/>
  <testcase name="testAorBorCOptional" classname="org.antlr.test.TestDFAConversion" time="0.001"/>
  <testcase name="testRuleAltsSetCollapse" classname="org.antlr.test.TestDFAConversion" time="0.001"/>
  <testcase name="testComplementCharSet" classname="org.antlr.test.TestDFAConversion" time="0.027"/>
  <testcase name="testGreedyGetsNoErrorForAmbig" classname="org.antlr.test.TestDFAConversion" time="0"/>
  <testcase name="testIndirectRecursionLoop" classname="org.antlr.test.TestDFAConversion" time="0"/>
  <testcase name="testDoubleInvokeRuleLeftEdge" classname="org.antlr.test.TestDFAConversion" time="0"/>
  <testcase name="testimmediateTailRecursion" classname="org.antlr.test.TestDFAConversion" time="0"/>
  <testcase name="testRecursionOverflow2" classname="org.antlr.test.TestDFAConversion" time="0"/>
  <testcase name="testRecursionOverflowWithPredOk2" classname="org.antlr.test.TestDFAConversion" time="0"/>
  <testcase name="testRecursionOverflow" classname="org.antlr.test.TestDFAConversion" time="0"/>
  <testcase name="testSemPredResolvesRecursion3" classname="org.antlr.test.TestDFAConversion" time="0"/>
  <testcase name="testAStar_immediateTailRecursion" classname="org.antlr.test.TestDFAConversion" time="0"/>
  <testcase name="testimmediateLeftRecursion" classname="org.antlr.test.TestDFAConversion" time="0.009"/>
  <testcase name="testselfRecurseNonDet" classname="org.antlr.test.TestDFAConversion" time="0"/>
  <testcase name="testRecursionOverflowWithPredOk" classname="org.antlr.test.TestDFAConversion" time="0"/>
  <testcase name="testSemPredResolvesRecursion" classname="org.antlr.test.TestDFAConversion" time="0"/>
  <testcase name="testSynPredResolvesRecursion3" classname="org.antlr.test.TestDFAConversion" time="0"/>
  <testcase name="testSynPredResolvesRecursion" classname="org.antlr.test.TestDFAConversion" time="0"/>
  <testcase name="testSynPredResolvesRecursion4" classname="org.antlr.test.TestDFAConversion" time="0"/>
  <testcase name="testCannotSeePastRecursion" classname="org.antlr.test.TestDFAConversion" time="0"/>
  <testcase name="testSynPredMissingInMiddle" classname="org.antlr.test.TestDFAConversion" time="0"/>
  <testcase name="testSemPredResolvesRecursion2" classname="org.antlr.test.TestDFAConversion" time="0.002"/>
  <testcase name="testselfRecurseNonDet2" classname="org.antlr.test.TestDFAConversion" time="0.001"/>
  <testcase name="testIndirectRecursionLoop2" classname="org.antlr.test.TestDFAConversion" time="0.001"/>
  <testcase name="testSynPredResolvesRecursion2" classname="org.antlr.test.TestDFAConversion" time="0.001"/>
  <testcase name="testIndirectRecursionLoop3" classname="org.antlr.test.TestDFAConversion" time="0.001"/>
</testsuite>