<?xml version="1.0" encoding="UTF-8"?>
<testsuite name="org.antlr.test.TestAutoAST" time="10.248" tests="55" errors="0" skipped="0" failures="0">
  <properties>
    <property name="java.runtime.name" value="Java(TM) SE Runtime Environment"/>
    <property name="sun.boot.library.path" value="/Library/Java/JavaVirtualMachines/jdk1.8.0_60.jdk/Contents/Home/jre/lib"/>
    <property name="java.vm.version" value="25.60-b23"/>
    <property name="gopherProxySet" value="false"/>
    <property name="java.vm.vendor" value="Oracle Corporation"/>
    <property name="maven.multiModuleProjectDirectory" value="/Users/Roel/antlr3"/>
    <property name="java.vendor.url" value="http://java.oracle.com/"/>
    <property name="path.separator" value=":"/>
    <property name="guice.disable.misplaced.annotation.check" value="true"/>
    <property name="java.vm.name" value="Java HotSpot(TM) 64-Bit Server VM"/>
    <property name="file.encoding.pkg" value="sun.io"/>
    <property name="user.country" value="NL"/>
    <property name="sun.java.launcher" value="SUN_STANDARD"/>
    <property name="sun.os.patch.level" value="unknown"/>
    <property name="java.vm.specification.name" value="Java Virtual Machine Specification"/>
    <property name="user.dir" value="/Users/Roel/antlr3"/>
    <property name="java.runtime.version" value="1.8.0_60-b27"/>
    <property name="java.awt.graphicsenv" value="sun.awt.CGraphicsEnvironment"/>
    <property name="java.endorsed.dirs" value="/Library/Java/JavaVirtualMachines/jdk1.8.0_60.jdk/Contents/Home/jre/lib/endorsed"/>
    <property name="os.arch" value="x86_64"/>
    <property name="java.io.tmpdir" value="/var/folders/0t/3gzmx2m144qfsy2k46gkf_1m0000gn/T/"/>
    <property name="line.separator" value="&#10;"/>
    <property name="java.vm.specification.vendor" value="Oracle Corporation"/>
    <property name="os.name" value="Mac OS X"/>
    <property name="classworlds.conf" value="/usr/local/Cellar/maven/3.5.0/libexec/bin/m2.conf"/>
    <property name="sun.jnu.encoding" value="UTF-8"/>
    <property name="java.library.path" value="/Users/Roel/Library/Java/Extensions:/Library/Java/Extensions:/Network/Library/Java/Extensions:/System/Library/Java/Extensions:/usr/lib/java:."/>
    <property name="maven.conf" value="/usr/local/Cellar/maven/3.5.0/libexec/conf"/>
    <property name="java.specification.name" value="Java Platform API Specification"/>
    <property name="java.class.version" value="52.0"/>
    <property name="sun.management.compiler" value="HotSpot 64-Bit Tiered Compilers"/>
    <property name="os.version" value="10.12.5"/>
    <property name="library.jansi.path" value="/usr/local/Cellar/maven/3.5.0/libexec/lib/jansi-native/osx64"/>
    <property name="http.nonProxyHosts" value="local|*.local|169.254/16|*.169.254/16"/>
    <property name="user.home" value="/Users/Roel"/>
    <property name="user.timezone" value="Europe/Amsterdam"/>
    <property name="java.awt.printerjob" value="sun.lwawt.macosx.CPrinterJob"/>
    <property name="java.specification.version" value="1.8"/>
    <property name="file.encoding" value="UTF-8"/>
    <property name="user.name" value="Roel"/>
    <property name="java.class.path" value="/usr/local/Cellar/maven/3.5.0/libexec/boot/plexus-classworlds-2.5.2.jar"/>
    <property name="java.vm.specification.version" value="1.8"/>
    <property name="sun.arch.data.model" value="64"/>
    <property name="java.home" value="/Library/Java/JavaVirtualMachines/jdk1.8.0_60.jdk/Contents/Home/jre"/>
    <property name="sun.java.command" value="org.codehaus.plexus.classworlds.launcher.Launcher"/>
    <property name="java.specification.vendor" value="Oracle Corporation"/>
    <property name="user.language" value="nl"/>
    <property name="awt.toolkit" value="sun.lwawt.macosx.LWCToolkit"/>
    <property name="java.vm.info" value="mixed mode"/>
    <property name="java.version" value="1.8.0_60"/>
    <property name="java.ext.dirs" value="/Users/Roel/Library/Java/Extensions:/Library/Java/JavaVirtualMachines/jdk1.8.0_60.jdk/Contents/Home/jre/lib/ext:/Library/Java/Extensions:/Network/Library/Java/Extensions:/System/Library/Java/Extensions:/usr/lib/java"/>
    <property name="sun.boot.class.path" value="/Library/Java/JavaVirtualMachines/jdk1.8.0_60.jdk/Contents/Home/jre/lib/resources.jar:/Library/Java/JavaVirtualMachines/jdk1.8.0_60.jdk/Contents/Home/jre/lib/rt.jar:/Library/Java/JavaVirtualMachines/jdk1.8.0_60.jdk/Contents/Home/jre/lib/sunrsasign.jar:/Library/Java/JavaVirtualMachines/jdk1.8.0_60.jdk/Contents/Home/jre/lib/jsse.jar:/Library/Java/JavaVirtualMachines/jdk1.8.0_60.jdk/Contents/Home/jre/lib/jce.jar:/Library/Java/JavaVirtualMachines/jdk1.8.0_60.jdk/Contents/Home/jre/lib/charsets.jar:/Library/Java/JavaVirtualMachines/jdk1.8.0_60.jdk/Contents/Home/jre/lib/jfr.jar:/Library/Java/JavaVirtualMachines/jdk1.8.0_60.jdk/Contents/Home/jre/classes"/>
    <property name="java.vendor" value="Oracle Corporation"/>
    <property name="maven.home" value="/usr/local/Cellar/maven/3.5.0/libexec"/>
    <property name="file.separator" value="/"/>
    <property name="java.vendor.url.bug" value="http://bugreport.sun.com/bugreport/"/>
    <property name="sun.cpu.endian" value="little"/>
    <property name="sun.io.unicode.encoding" value="UnicodeBig"/>
    <property name="socksNonProxyHosts" value="local|*.local|169.254/16|*.169.254/16"/>
    <property name="ftp.nonProxyHosts" value="local|*.local|169.254/16|*.169.254/16"/>
    <property name="sun.cpu.isalist" value=""/>
  </properties>
  <testcase name="testTokenList" classname="org.antlr.test.TestAutoAST" time="0.229"/>
  <testcase name="testLabeledStringRoot" classname="org.antlr.test.TestAutoAST" time="0.235"/>
  <testcase name="testBang" classname="org.antlr.test.TestAutoAST" time="0.256"/>
  <testcase name="testOptionalThenRoot" classname="org.antlr.test.TestAutoAST" time="0.237"/>
  <testcase name="testTokenListInSingleAltBlock" classname="org.antlr.test.TestAutoAST" time="0.226"/>
  <testcase name="testSimpleRootAtOuterLevel" classname="org.antlr.test.TestAutoAST" time="0.23"/>
  <testcase name="testSimpleRootAtOuterLevelReverse" classname="org.antlr.test.TestAutoAST" time="0.221"/>
  <testcase name="testWildcard" classname="org.antlr.test.TestAutoAST" time="0.218"/>
  <testcase name="testWildcardRoot" classname="org.antlr.test.TestAutoAST" time="0.211"/>
  <testcase name="testWildcardRootWithLabel" classname="org.antlr.test.TestAutoAST" time="0.224"/>
  <testcase name="testWildcardRootWithListLabel" classname="org.antlr.test.TestAutoAST" time="0.22"/>
  <testcase name="testWildcardBangWithListLabel" classname="org.antlr.test.TestAutoAST" time="0.216"/>
  <testcase name="testRootRoot" classname="org.antlr.test.TestAutoAST" time="0.19"/>
  <testcase name="testRootRoot2" classname="org.antlr.test.TestAutoAST" time="0.218"/>
  <testcase name="testRootThenRootInLoop" classname="org.antlr.test.TestAutoAST" time="0.182"/>
  <testcase name="testNestedSubrule" classname="org.antlr.test.TestAutoAST" time="0.196"/>
  <testcase name="testInvokeRule" classname="org.antlr.test.TestAutoAST" time="0.193"/>
  <testcase name="testInvokeRuleAsRoot" classname="org.antlr.test.TestAutoAST" time="0.192"/>
  <testcase name="testInvokeRuleAsRootWithLabel" classname="org.antlr.test.TestAutoAST" time="0.19"/>
  <testcase name="testInvokeRuleAsRootWithListLabel" classname="org.antlr.test.TestAutoAST" time="0.181"/>
  <testcase name="testRuleRootInLoop" classname="org.antlr.test.TestAutoAST" time="0.175"/>
  <testcase name="testRuleInvocationRuleRootInLoop" classname="org.antlr.test.TestAutoAST" time="0.199"/>
  <testcase name="testTailRecursion" classname="org.antlr.test.TestAutoAST" time="0.192"/>
  <testcase name="testSetRoot" classname="org.antlr.test.TestAutoAST" time="0.183"/>
  <testcase name="testSetRootWithLabel" classname="org.antlr.test.TestAutoAST" time="0.183"/>
  <testcase name="testSetAsRuleRootInLoop" classname="org.antlr.test.TestAutoAST" time="0.172"/>
  <testcase name="testNotSet" classname="org.antlr.test.TestAutoAST" time="0.175"/>
  <testcase name="testNotSetWithLabel" classname="org.antlr.test.TestAutoAST" time="0.213"/>
  <testcase name="testNotSetWithListLabel" classname="org.antlr.test.TestAutoAST" time="0.173"/>
  <testcase name="testNotSetRoot" classname="org.antlr.test.TestAutoAST" time="0.185"/>
  <testcase name="testNotSetRootWithLabel" classname="org.antlr.test.TestAutoAST" time="0.18"/>
  <testcase name="testNotSetRootWithListLabel" classname="org.antlr.test.TestAutoAST" time="0.166"/>
  <testcase name="testNotSetRuleRootInLoop" classname="org.antlr.test.TestAutoAST" time="0.169"/>
  <testcase name="testTokenLabelReuse" classname="org.antlr.test.TestAutoAST" time="0.173"/>
  <testcase name="testTokenLabelReuse2" classname="org.antlr.test.TestAutoAST" time="0.164"/>
  <testcase name="testTokenListLabelReuse" classname="org.antlr.test.TestAutoAST" time="0.153"/>
  <testcase name="testTokenListLabelReuse2" classname="org.antlr.test.TestAutoAST" time="0.15"/>
  <testcase name="testTokenListLabelRuleRoot" classname="org.antlr.test.TestAutoAST" time="0.157"/>
  <testcase name="testTokenListLabelBang" classname="org.antlr.test.TestAutoAST" time="0.156"/>
  <testcase name="testRuleListLabel" classname="org.antlr.test.TestAutoAST" time="0.188"/>
  <testcase name="testRuleListLabelRuleRoot" classname="org.antlr.test.TestAutoAST" time="0.177"/>
  <testcase name="testRuleListLabelBang" classname="org.antlr.test.TestAutoAST" time="0.169"/>
  <testcase name="testComplicatedMelange" classname="org.antlr.test.TestAutoAST" time="0.175"/>
  <testcase name="testReturnValueWithAST" classname="org.antlr.test.TestAutoAST" time="0.179"/>
  <testcase name="testSetLoop" classname="org.antlr.test.TestAutoAST" time="0.171"/>
  <testcase name="testExtraTokenInSimpleDecl" classname="org.antlr.test.TestAutoAST" time="0.167"/>
  <testcase name="testMissingIDInSimpleDecl" classname="org.antlr.test.TestAutoAST" time="0.161"/>
  <testcase name="testMissingSetInSimpleDecl" classname="org.antlr.test.TestAutoAST" time="0.181"/>
  <testcase name="testMissingTokenGivesErrorNode" classname="org.antlr.test.TestAutoAST" time="0.161"/>
  <testcase name="testMissingTokenGivesErrorNodeInInvokedRule" classname="org.antlr.test.TestAutoAST" time="0.197"/>
  <testcase name="testExtraTokenGivesErrorNode" classname="org.antlr.test.TestAutoAST" time="0.149"/>
  <testcase name="testMissingFirstTokenGivesErrorNode" classname="org.antlr.test.TestAutoAST" time="0.148"/>
  <testcase name="testMissingFirstTokenGivesErrorNode2" classname="org.antlr.test.TestAutoAST" time="0.148"/>
  <testcase name="testNoViableAltGivesErrorNode" classname="org.antlr.test.TestAutoAST" time="0.15"/>
  <testcase name="testSet" classname="org.antlr.test.TestAutoAST" time="0.144"/>
</testsuite>